-------------------------------------------------------------------------------
Test set: com.perscholas.CardAdvantage.CardAdvantageApplicationTests
-------------------------------------------------------------------------------
Tests run: 1, Failures: 0, Errors: 1, Skipped: 0, Time elapsed: 3.154 s <<< FAILURE! - in com.perscholas.CardAdvantage.CardAdvantageApplicationTests
contextLoads  Time elapsed: 0.008 s  <<< ERROR!
java.lang.IllegalStateException: Failed to load ApplicationContext for [WebMergedContextConfiguration@2cce10bc testClass = com.perscholas.CardAdvantage.CardAdvantageApplicationTests, locations = [], classes = [com.perscholas.CardAdvantage.CardAdvantageApplication], contextInitializerClasses = [], activeProfiles = [], propertySourceLocations = [], propertySourceProperties = ["org.springframework.boot.test.context.SpringBootTestContextBootstrapper=true"], contextCustomizers = [org.springframework.boot.test.context.filter.ExcludeFilterContextCustomizer@4e423aa2, org.springframework.boot.test.json.DuplicateJsonObjectContextCustomizerFactory$DuplicateJsonObjectContextCustomizer@7ceb3185, org.springframework.boot.test.mock.mockito.MockitoContextCustomizer@0, org.springframework.boot.test.web.client.TestRestTemplateContextCustomizer@59e505b2, org.springframework.boot.test.autoconfigure.actuate.observability.ObservabilityContextCustomizerFactory$DisableObservabilityContextCustomizer@9da1, org.springframework.boot.test.autoconfigure.properties.PropertyMappingContextCustomizer@0, org.springframework.boot.test.autoconfigure.web.servlet.WebDriverContextCustomizerFactory$Customizer@181e731e, org.springframework.boot.test.context.SpringBootTestAnnotation@458f7d76], resourceBasePath = "src/main/webapp", contextLoader = org.springframework.boot.test.context.SpringBootContextLoader, parent = null]
Caused by: org.springframework.beans.factory.BeanCreationException: Error creating bean with name 'entityManagerFactory' defined in class path resource [org/springframework/boot/autoconfigure/orm/jpa/HibernateJpaConfiguration.class]: Association 'com.perscholas.CardAdvantage.entities.CartUserProduct.cart' is 'mappedBy' a property named 'cartuserproductid' which does not exist in the target entity type 'com.perscholas.CardAdvantage.entities.Cart'
Caused by: org.hibernate.AnnotationException: Association 'com.perscholas.CardAdvantage.entities.CartUserProduct.cart' is 'mappedBy' a property named 'cartuserproductid' which does not exist in the target entity type 'com.perscholas.CardAdvantage.entities.Cart'

